<?xml version="1.0" encoding="UTF-8"?>
<testng-results ignored="0" total="1" passed="1" failed="0" skipped="0">
  <reporter-output>
  </reporter-output>
  <suite started-at="2023-02-13T17:17:56 IST" name="Default suite" finished-at="2023-02-13T17:20:45 IST" duration-ms="169559">
    <groups>
    </groups>
    <test started-at="2023-02-13T17:17:56 IST" name="Default test" finished-at="2023-02-13T17:20:45 IST" duration-ms="169559">
      <class name="com.simplilearn.AppiumDemo.Flipkart_Project">
        <test-method is-config="true" signature="LaunchApp()[pri:0, instance:com.simplilearn.AppiumDemo.Flipkart_Project@f0da945]" started-at="2023-02-13T17:17:56 IST" name="LaunchApp" finished-at="2023-02-13T17:18:06 IST" duration-ms="10320" status="PASS">
          <reporter-output>
          </reporter-output>
        </test-method> <!-- LaunchApp -->
        <test-method signature="FlipkarttestProject()[pri:0, instance:com.simplilearn.AppiumDemo.Flipkart_Project@f0da945]" started-at="2023-02-13T17:18:06 IST" name="FlipkarttestProject" finished-at="2023-02-13T17:20:45 IST" duration-ms="158604" status="PASS">
          <reporter-output>
          </reporter-output>
        </test-method> <!-- FlipkarttestProject -->
        <test-method is-config="true" signature="closeApp()[pri:0, instance:com.simplilearn.AppiumDemo.Flipkart_Project@f0da945]" started-at="2023-02-13T17:20:45 IST" name="closeApp" finished-at="2023-02-13T17:20:45 IST" duration-ms="574" status="PASS">
          <reporter-output>
          </reporter-output>
        </test-method> <!-- closeApp -->
      </class> <!-- com.simplilearn.AppiumDemo.Flipkart_Project -->
    </test> <!-- Default test -->
  </suite> <!-- Default suite -->
</testng-results>
